<?xml version="1.0" encoding="UTF-8"?>
<testsuite xmlns:xsi="http://www.w3.org/2001/XMLSchema-instance" xsi:noNamespaceSchemaLocation="https://maven.apache.org/surefire/maven-surefire-plugin/xsd/surefire-test-report.xsd" name="TestSuite" time="0.874" tests="1" errors="0" skipped="0" failures="1">
  <properties>
[...]
</properties>
  <testcase name="test" classname="test.NewTest" time="0.012">
    <failure message="ERROR" type="java.lang.RuntimeException">java.lang.RuntimeException: ERROR
	at test.NewTest.test(NewTest.java:10)
</failure>
  </testcase>
</testsuite>