-------------------------------------------------------------------------------
Test set: TestSuite
-------------------------------------------------------------------------------
Tests run: 1, Failures: 1, Errors: 0, Skipped: 0, Time elapsed: 0.874 s <<< FAILURE! - in TestSuite
test(test.NewTest)  Time elapsed: 0.012 s  <<< FAILURE!
java.lang.RuntimeException: ERROR
	at test.NewTest.test(NewTest.java:10)

